<?xml version="1.0" encoding="UTF-8"?>
<testng-results ignored="0" total="1" passed="1" failed="0" skipped="0">
  <reporter-output>
  </reporter-output>
  <suite started-at="2026-07-02T09:35:30 IST" name="Default suite" finished-at="2026-07-02T09:35:39 IST" duration-ms="8678">
    <groups>
    </groups>
    <test started-at="2026-07-02T09:35:30 IST" name="Default test" finished-at="2026-07-02T09:35:39 IST" duration-ms="8678">
      <class name="seleniumScripts.SwagValidLogin">
        <test-method is-config="true" signature="BrowserLaunch()[pri:0, instance:seleniumScripts.SwagValidLogin@34a3d150]" started-at="2026-07-02T09:35:30 IST" name="BrowserLaunch" finished-at="2026-07-02T09:35:36 IST" duration-ms="6206" status="PASS">
          <reporter-output>
          </reporter-output>
        </test-method> <!-- BrowserLaunch -->
        <test-method signature="swag_ValidLogin()[pri:0, instance:seleniumScripts.SwagValidLogin@34a3d150]" started-at="2026-07-02T09:35:36 IST" name="swag_ValidLogin" finished-at="2026-07-02T09:35:39 IST" duration-ms="2283" status="PASS">
          <reporter-output>
          </reporter-output>
        </test-method> <!-- swag_ValidLogin -->
        <test-method is-config="true" signature="BrowserClose()[pri:0, instance:seleniumScripts.SwagValidLogin@34a3d150]" started-at="2026-07-02T09:35:39 IST" name="BrowserClose" finished-at="2026-07-02T09:35:39 IST" duration-ms="128" status="PASS">
          <reporter-output>
          </reporter-output>
        </test-method> <!-- BrowserClose -->
      </class> <!-- seleniumScripts.SwagValidLogin -->
    </test> <!-- Default test -->
  </suite> <!-- Default suite -->
</testng-results>
